<?xml version="1.0" encoding="UTF-8"?>
<testsuite name="com.mercadolivro.MercadoLivroApplicationTests" tests="1" skipped="0" failures="0" errors="0" timestamp="2023-01-04T16:42:22" hostname="DESKTOP-OK7I97R" time="0.597">
  <properties/>
  <testcase name="contextLoads()" classname="com.mercadolivro.MercadoLivroApplicationTests" time="0.597"/>
  <system-out><![CDATA[13:42:07.341 [Test worker] DEBUG org.springframework.test.context.BootstrapUtils - Instantiating CacheAwareContextLoaderDelegate from class [org.springframework.test.context.cache.DefaultCacheAwareContextLoaderDelegate]
13:42:07.368 [Test worker] DEBUG org.springframework.test.context.BootstrapUtils - Instantiating BootstrapContext using constructor [public org.springframework.test.context.support.DefaultBootstrapContext(java.lang.Class,org.springframework.test.context.CacheAwareContextLoaderDelegate)]
13:42:07.442 [Test worker] DEBUG org.springframework.test.context.BootstrapUtils - Instantiating TestContextBootstrapper for test class [com.mercadolivro.MercadoLivroApplicationTests] from class [org.springframework.boot.test.context.SpringBootTestContextBootstrapper]
13:42:07.471 [Test worker] INFO org.springframework.boot.test.context.SpringBootTestContextBootstrapper - Neither @ContextConfiguration nor @ContextHierarchy found for test class [com.mercadolivro.MercadoLivroApplicationTests], using SpringBootContextLoader
13:42:07.479 [Test worker] DEBUG org.springframework.test.context.support.AbstractContextLoader - Did not detect default resource location for test class [com.mercadolivro.MercadoLivroApplicationTests]: class path resource [com/mercadolivro/MercadoLivroApplicationTests-context.xml] does not exist
13:42:07.480 [Test worker] DEBUG org.springframework.test.context.support.AbstractContextLoader - Did not detect default resource location for test class [com.mercadolivro.MercadoLivroApplicationTests]: class path resource [com/mercadolivro/MercadoLivroApplicationTestsContext.groovy] does not exist
13:42:07.480 [Test worker] INFO org.springframework.test.context.support.AbstractContextLoader - Could not detect default resource locations for test class [com.mercadolivro.MercadoLivroApplicationTests]: no resource found for suffixes {-context.xml, Context.groovy}.
13:42:07.481 [Test worker] INFO org.springframework.test.context.support.AnnotationConfigContextLoaderUtils - Could not detect default configuration classes for test class [com.mercadolivro.MercadoLivroApplicationTests]: MercadoLivroApplicationTests does not declare any static, non-private, non-final, nested classes annotated with @Configuration.
13:42:07.572 [Test worker] DEBUG org.springframework.test.context.support.ActiveProfilesUtils - Could not find an 'annotation declaring class' for annotation type [org.springframework.test.context.ActiveProfiles] and class [com.mercadolivro.MercadoLivroApplicationTests]
13:42:07.705 [Test worker] DEBUG org.springframework.context.annotation.ClassPathScanningCandidateComponentProvider - Identified candidate component class: file [C:\Users\bruno\Projetos\Mercado-Livro\build\classes\kotlin\main\com\mercadolivro\MercadoLivroApplication.class]
13:42:07.708 [Test worker] INFO org.springframework.boot.test.context.SpringBootTestContextBootstrapper - Found @SpringBootConfiguration com.mercadolivro.MercadoLivroApplication for test class com.mercadolivro.MercadoLivroApplicationTests
13:42:07.918 [Test worker] DEBUG org.springframework.boot.test.context.SpringBootTestContextBootstrapper - @TestExecutionListeners is not present for class [com.mercadolivro.MercadoLivroApplicationTests]: using defaults.
13:42:07.919 [Test worker] INFO org.springframework.boot.test.context.SpringBootTestContextBootstrapper - Loaded default TestExecutionListener class names from location [META-INF/spring.factories]: [org.springframework.boot.test.autoconfigure.restdocs.RestDocsTestExecutionListener, org.springframework.boot.test.autoconfigure.web.client.MockRestServiceServerResetTestExecutionListener, org.springframework.boot.test.autoconfigure.web.servlet.MockMvcPrintOnlyOnFailureTestExecutionListener, org.springframework.boot.test.autoconfigure.web.servlet.WebDriverTestExecutionListener, org.springframework.boot.test.autoconfigure.webservices.client.MockWebServiceServerTestExecutionListener, org.springframework.boot.test.mock.mockito.MockitoTestExecutionListener, org.springframework.boot.test.mock.mockito.ResetMocksTestExecutionListener, org.springframework.test.context.web.ServletTestExecutionListener, org.springframework.test.context.support.DirtiesContextBeforeModesTestExecutionListener, org.springframework.test.context.event.ApplicationEventsTestExecutionListener, org.springframework.test.context.support.DependencyInjectionTestExecutionListener, org.springframework.test.context.support.DirtiesContextTestExecutionListener, org.springframework.test.context.transaction.TransactionalTestExecutionListener, org.springframework.test.context.jdbc.SqlScriptsTestExecutionListener, org.springframework.test.context.event.EventPublishingTestExecutionListener]
13:42:07.956 [Test worker] INFO org.springframework.boot.test.context.SpringBootTestContextBootstrapper - Using TestExecutionListeners: [org.springframework.test.context.web.ServletTestExecutionListener@7813cb11, org.springframework.test.context.support.DirtiesContextBeforeModesTestExecutionListener@bcec031, org.springframework.test.context.event.ApplicationEventsTestExecutionListener@21005f6c, org.springframework.boot.test.mock.mockito.MockitoTestExecutionListener@32f0fba8, org.springframework.boot.test.autoconfigure.SpringBootDependencyInjectionTestExecutionListener@545de5a4, org.springframework.test.context.support.DirtiesContextTestExecutionListener@29ef6856, org.springframework.test.context.transaction.TransactionalTestExecutionListener@ab7a938, org.springframework.test.context.jdbc.SqlScriptsTestExecutionListener@3faf2e7d, org.springframework.test.context.event.EventPublishingTestExecutionListener@4648ce9, org.springframework.boot.test.autoconfigure.restdocs.RestDocsTestExecutionListener@569bf9eb, org.springframework.boot.test.autoconfigure.web.client.MockRestServiceServerResetTestExecutionListener@61526469, org.springframework.boot.test.autoconfigure.web.servlet.MockMvcPrintOnlyOnFailureTestExecutionListener@274872f8, org.springframework.boot.test.autoconfigure.web.servlet.WebDriverTestExecutionListener@76ba13c, org.springframework.boot.test.autoconfigure.webservices.client.MockWebServiceServerTestExecutionListener@eb6449b, org.springframework.boot.test.mock.mockito.ResetMocksTestExecutionListener@7c351808]
13:42:07.964 [Test worker] DEBUG org.springframework.test.context.support.AbstractDirtiesContextTestExecutionListener - Before test class: context [DefaultTestContext@2c1b9e4b testClass = MercadoLivroApplicationTests, testInstance = [null], testMethod = [null], testException = [null], mergedContextConfiguration = [WebMergedContextConfiguration@757d6814 testClass = MercadoLivroApplicationTests, locations = '{}', classes = '{class com.mercadolivro.MercadoLivroApplication}', contextInitializerClasses = '[]', activeProfiles = '{}', propertySourceLocations = '{}', propertySourceProperties = '{org.springframework.boot.test.context.SpringBootTestContextBootstrapper=true}', contextCustomizers = set[org.springframework.boot.test.autoconfigure.actuate.metrics.MetricsExportContextCustomizerFactory$DisableMetricExportContextCustomizer@48e92c5c, org.springframework.boot.test.autoconfigure.properties.PropertyMappingContextCustomizer@0, org.springframework.boot.test.autoconfigure.web.servlet.WebDriverContextCustomizerFactory$Customizer@7803bfd, org.springframework.boot.test.context.filter.ExcludeFilterContextCustomizer@460ebd80, org.springframework.boot.test.json.DuplicateJsonObjectContextCustomizerFactory$DuplicateJsonObjectContextCustomizer@25aca718, org.springframework.boot.test.mock.mockito.MockitoContextCustomizer@0, org.springframework.boot.test.web.client.TestRestTemplateContextCustomizer@1b835480, org.springframework.boot.test.context.SpringBootTestArgs@1, org.springframework.boot.test.context.SpringBootTestWebEnvironment@2fd1433e], resourceBasePath = 'src/main/webapp', contextLoader = 'org.springframework.boot.test.context.SpringBootContextLoader', parent = [null]], attributes = map['org.springframework.test.context.web.ServletTestExecutionListener.activateListener' -> true]], class annotated with @DirtiesContext [false] with mode [null].
13:42:08.070 [Test worker] DEBUG org.springframework.boot.ApplicationServletEnvironment - Activating profiles []
13:42:08.071 [Test worker] DEBUG org.springframework.test.context.support.TestPropertySourceUtils - Adding inlined properties to environment: {spring.jmx.enabled=false, org.springframework.boot.test.context.SpringBootTestContextBootstrapper=true}

  .   ____          _            __ _ _
 /\\ / ___'_ __ _ _(_)_ __  __ _ \ \ \ \
( ( )\___ | '_ | '_| | '_ \/ _` | \ \ \ \
 \\/  ___)| |_)| | | | | || (_| |  ) ) ) )
  '  |____| .__|_| |_|_| |_\__, | / / / /
 =========|_|==============|___/=/_/_/_/
 :: Spring Boot ::                (v2.6.1)

2023-01-04 13:42:08.723  INFO 10956 --- [    Test worker] c.m.MercadoLivroApplicationTests         : Starting MercadoLivroApplicationTests using Java 17.0.5 on DESKTOP-OK7I97R with PID 10956 (started by bruno in C:\Users\bruno\Projetos\Mercado-Livro)
2023-01-04 13:42:08.724  INFO 10956 --- [    Test worker] c.m.MercadoLivroApplicationTests         : No active profile set, falling back to default profiles: default
2023-01-04 13:42:10.009  INFO 10956 --- [    Test worker] .s.d.r.c.RepositoryConfigurationDelegate : Bootstrapping Spring Data JPA repositories in DEFAULT mode.
2023-01-04 13:42:10.114  INFO 10956 --- [    Test worker] .s.d.r.c.RepositoryConfigurationDelegate : Finished Spring Data repository scanning in 87 ms. Found 2 JPA repository interfaces.
2023-01-04 13:42:10.992  INFO 10956 --- [    Test worker] o.f.c.internal.license.VersionPrinter    : Flyway Community Edition 7.7.0 by Redgate
2023-01-04 13:42:11.005  INFO 10956 --- [    Test worker] com.zaxxer.hikari.HikariDataSource       : HikariPool-1 - Starting...
2023-01-04 13:42:12.359  INFO 10956 --- [    Test worker] com.zaxxer.hikari.HikariDataSource       : HikariPool-1 - Start completed.
2023-01-04 13:42:12.514  INFO 10956 --- [    Test worker] o.f.c.i.database.base.DatabaseType       : Database: jdbc:mysql://localhost:3306/mercadolivro (MySQL 8.0)
2023-01-04 13:42:13.315  INFO 10956 --- [    Test worker] o.f.core.internal.command.DbValidate     : Successfully validated 3 migrations (execution time 00:00.097s)
2023-01-04 13:42:13.712  INFO 10956 --- [    Test worker] o.f.c.i.s.JdbcTableSchemaHistory         : Creating Schema History table `mercadolivro`.`flyway_schema_history` ...
2023-01-04 13:42:14.999  INFO 10956 --- [    Test worker] o.f.core.internal.command.DbMigrate      : Current version of schema `mercadolivro`: << Empty Schema >>
2023-01-04 13:42:15.014  INFO 10956 --- [    Test worker] o.f.core.internal.command.DbMigrate      : Migrating schema `mercadolivro` to version "1 - create table customer"
2023-01-04 13:42:15.712  INFO 10956 --- [    Test worker] o.f.core.internal.command.DbMigrate      : Migrating schema `mercadolivro` to version "2 - create table book"
2023-01-04 13:42:16.166  INFO 10956 --- [    Test worker] o.f.core.internal.command.DbMigrate      : Migrating schema `mercadolivro` to version "3 - add status at customer"
2023-01-04 13:42:16.524  INFO 10956 --- [    Test worker] o.f.core.internal.command.DbMigrate      : Successfully applied 3 migrations to schema `mercadolivro` (execution time 00:01.633s)
2023-01-04 13:42:16.945  INFO 10956 --- [    Test worker] o.hibernate.jpa.internal.util.LogHelper  : HHH000204: Processing PersistenceUnitInfo [name: default]
2023-01-04 13:42:17.080  INFO 10956 --- [    Test worker] org.hibernate.Version                    : HHH000412: Hibernate ORM core version 5.6.1.Final
2023-01-04 13:42:17.486  INFO 10956 --- [    Test worker] o.hibernate.annotations.common.Version   : HCANN000001: Hibernate Commons Annotations {5.1.2.Final}
2023-01-04 13:42:17.812  INFO 10956 --- [    Test worker] org.hibernate.dialect.Dialect            : HHH000400: Using dialect: org.hibernate.dialect.MySQL8Dialect
2023-01-04 13:42:18.976  INFO 10956 --- [    Test worker] o.h.e.t.j.p.i.JtaPlatformInitiator       : HHH000490: Using JtaPlatform implementation: [org.hibernate.engine.transaction.jta.platform.internal.NoJtaPlatform]
2023-01-04 13:42:18.995  INFO 10956 --- [    Test worker] j.LocalContainerEntityManagerFactoryBean : Initialized JPA EntityManagerFactory for persistence unit 'default'
2023-01-04 13:42:20.728  WARN 10956 --- [    Test worker] JpaBaseConfiguration$JpaWebConfiguration : spring.jpa.open-in-view is enabled by default. Therefore, database queries may be performed during view rendering. Explicitly configure spring.jpa.open-in-view to disable this warning
2023-01-04 13:42:21.977  INFO 10956 --- [    Test worker] c.m.MercadoLivroApplicationTests         : Started MercadoLivroApplicationTests in 13.905 seconds (JVM running for 16.389)
]]></system-out>
  <system-err><![CDATA[]]></system-err>
</testsuite>
