<?xml version="1.0" encoding="UTF-8"?>
<testsuite name="com.mercadolivro.MercadoLivroApplicationTests" tests="1" skipped="0" failures="0" errors="0" timestamp="2022-11-22T12:37:05" hostname="DESKTOP-OK7I97R" time="0.703">
  <properties/>
  <testcase name="contextLoads()" classname="com.mercadolivro.MercadoLivroApplicationTests" time="0.703"/>
  <system-out><![CDATA[09:36:48.634 [Test worker] DEBUG org.springframework.test.context.BootstrapUtils - Instantiating CacheAwareContextLoaderDelegate from class [org.springframework.test.context.cache.DefaultCacheAwareContextLoaderDelegate]
09:36:48.661 [Test worker] DEBUG org.springframework.test.context.BootstrapUtils - Instantiating BootstrapContext using constructor [public org.springframework.test.context.support.DefaultBootstrapContext(java.lang.Class,org.springframework.test.context.CacheAwareContextLoaderDelegate)]
09:36:48.736 [Test worker] DEBUG org.springframework.test.context.BootstrapUtils - Instantiating TestContextBootstrapper for test class [com.mercadolivro.MercadoLivroApplicationTests] from class [org.springframework.boot.test.context.SpringBootTestContextBootstrapper]
09:36:48.797 [Test worker] INFO org.springframework.boot.test.context.SpringBootTestContextBootstrapper - Neither @ContextConfiguration nor @ContextHierarchy found for test class [com.mercadolivro.MercadoLivroApplicationTests], using SpringBootContextLoader
09:36:48.805 [Test worker] DEBUG org.springframework.test.context.support.AbstractContextLoader - Did not detect default resource location for test class [com.mercadolivro.MercadoLivroApplicationTests]: class path resource [com/mercadolivro/MercadoLivroApplicationTests-context.xml] does not exist
09:36:48.806 [Test worker] DEBUG org.springframework.test.context.support.AbstractContextLoader - Did not detect default resource location for test class [com.mercadolivro.MercadoLivroApplicationTests]: class path resource [com/mercadolivro/MercadoLivroApplicationTestsContext.groovy] does not exist
09:36:48.806 [Test worker] INFO org.springframework.test.context.support.AbstractContextLoader - Could not detect default resource locations for test class [com.mercadolivro.MercadoLivroApplicationTests]: no resource found for suffixes {-context.xml, Context.groovy}.
09:36:48.807 [Test worker] INFO org.springframework.test.context.support.AnnotationConfigContextLoaderUtils - Could not detect default configuration classes for test class [com.mercadolivro.MercadoLivroApplicationTests]: MercadoLivroApplicationTests does not declare any static, non-private, non-final, nested classes annotated with @Configuration.
09:36:48.915 [Test worker] DEBUG org.springframework.test.context.support.ActiveProfilesUtils - Could not find an 'annotation declaring class' for annotation type [org.springframework.test.context.ActiveProfiles] and class [com.mercadolivro.MercadoLivroApplicationTests]
09:36:49.045 [Test worker] DEBUG org.springframework.context.annotation.ClassPathScanningCandidateComponentProvider - Identified candidate component class: file [C:\Users\bruno\Projetos\Mercado-Livro\build\classes\kotlin\main\com\mercadolivro\MercadoLivroApplication.class]
09:36:49.048 [Test worker] INFO org.springframework.boot.test.context.SpringBootTestContextBootstrapper - Found @SpringBootConfiguration com.mercadolivro.MercadoLivroApplication for test class com.mercadolivro.MercadoLivroApplicationTests
09:36:49.327 [Test worker] DEBUG org.springframework.boot.test.context.SpringBootTestContextBootstrapper - @TestExecutionListeners is not present for class [com.mercadolivro.MercadoLivroApplicationTests]: using defaults.
09:36:49.328 [Test worker] INFO org.springframework.boot.test.context.SpringBootTestContextBootstrapper - Loaded default TestExecutionListener class names from location [META-INF/spring.factories]: [org.springframework.boot.test.autoconfigure.restdocs.RestDocsTestExecutionListener, org.springframework.boot.test.autoconfigure.web.client.MockRestServiceServerResetTestExecutionListener, org.springframework.boot.test.autoconfigure.web.servlet.MockMvcPrintOnlyOnFailureTestExecutionListener, org.springframework.boot.test.autoconfigure.web.servlet.WebDriverTestExecutionListener, org.springframework.boot.test.autoconfigure.webservices.client.MockWebServiceServerTestExecutionListener, org.springframework.boot.test.mock.mockito.MockitoTestExecutionListener, org.springframework.boot.test.mock.mockito.ResetMocksTestExecutionListener, org.springframework.test.context.web.ServletTestExecutionListener, org.springframework.test.context.support.DirtiesContextBeforeModesTestExecutionListener, org.springframework.test.context.event.ApplicationEventsTestExecutionListener, org.springframework.test.context.support.DependencyInjectionTestExecutionListener, org.springframework.test.context.support.DirtiesContextTestExecutionListener, org.springframework.test.context.transaction.TransactionalTestExecutionListener, org.springframework.test.context.jdbc.SqlScriptsTestExecutionListener, org.springframework.test.context.event.EventPublishingTestExecutionListener]
09:36:49.388 [Test worker] INFO org.springframework.boot.test.context.SpringBootTestContextBootstrapper - Using TestExecutionListeners: [org.springframework.test.context.web.ServletTestExecutionListener@7813cb11, org.springframework.test.context.support.DirtiesContextBeforeModesTestExecutionListener@bcec031, org.springframework.test.context.event.ApplicationEventsTestExecutionListener@21005f6c, org.springframework.boot.test.mock.mockito.MockitoTestExecutionListener@32f0fba8, org.springframework.boot.test.autoconfigure.SpringBootDependencyInjectionTestExecutionListener@545de5a4, org.springframework.test.context.support.DirtiesContextTestExecutionListener@29ef6856, org.springframework.test.context.transaction.TransactionalTestExecutionListener@ab7a938, org.springframework.test.context.jdbc.SqlScriptsTestExecutionListener@3faf2e7d, org.springframework.test.context.event.EventPublishingTestExecutionListener@4648ce9, org.springframework.boot.test.autoconfigure.restdocs.RestDocsTestExecutionListener@569bf9eb, org.springframework.boot.test.autoconfigure.web.client.MockRestServiceServerResetTestExecutionListener@61526469, org.springframework.boot.test.autoconfigure.web.servlet.MockMvcPrintOnlyOnFailureTestExecutionListener@274872f8, org.springframework.boot.test.autoconfigure.web.servlet.WebDriverTestExecutionListener@76ba13c, org.springframework.boot.test.autoconfigure.webservices.client.MockWebServiceServerTestExecutionListener@eb6449b, org.springframework.boot.test.mock.mockito.ResetMocksTestExecutionListener@7c351808]
09:36:49.395 [Test worker] DEBUG org.springframework.test.context.support.AbstractDirtiesContextTestExecutionListener - Before test class: context [DefaultTestContext@2c1b9e4b testClass = MercadoLivroApplicationTests, testInstance = [null], testMethod = [null], testException = [null], mergedContextConfiguration = [WebMergedContextConfiguration@757d6814 testClass = MercadoLivroApplicationTests, locations = '{}', classes = '{class com.mercadolivro.MercadoLivroApplication}', contextInitializerClasses = '[]', activeProfiles = '{}', propertySourceLocations = '{}', propertySourceProperties = '{org.springframework.boot.test.context.SpringBootTestContextBootstrapper=true}', contextCustomizers = set[org.springframework.boot.test.autoconfigure.actuate.metrics.MetricsExportContextCustomizerFactory$DisableMetricExportContextCustomizer@48e92c5c, org.springframework.boot.test.autoconfigure.properties.PropertyMappingContextCustomizer@0, org.springframework.boot.test.autoconfigure.web.servlet.WebDriverContextCustomizerFactory$Customizer@7803bfd, org.springframework.boot.test.context.filter.ExcludeFilterContextCustomizer@460ebd80, org.springframework.boot.test.json.DuplicateJsonObjectContextCustomizerFactory$DuplicateJsonObjectContextCustomizer@25aca718, org.springframework.boot.test.mock.mockito.MockitoContextCustomizer@0, org.springframework.boot.test.web.client.TestRestTemplateContextCustomizer@1b835480, org.springframework.boot.test.context.SpringBootTestArgs@1, org.springframework.boot.test.context.SpringBootTestWebEnvironment@2fd1433e], resourceBasePath = 'src/main/webapp', contextLoader = 'org.springframework.boot.test.context.SpringBootContextLoader', parent = [null]], attributes = map['org.springframework.test.context.web.ServletTestExecutionListener.activateListener' -> true]], class annotated with @DirtiesContext [false] with mode [null].
09:36:49.492 [Test worker] DEBUG org.springframework.boot.ApplicationServletEnvironment - Activating profiles []
09:36:49.493 [Test worker] DEBUG org.springframework.test.context.support.TestPropertySourceUtils - Adding inlined properties to environment: {spring.jmx.enabled=false, org.springframework.boot.test.context.SpringBootTestContextBootstrapper=true}

  .   ____          _            __ _ _
 /\\ / ___'_ __ _ _(_)_ __  __ _ \ \ \ \
( ( )\___ | '_ | '_| | '_ \/ _` | \ \ \ \
 \\/  ___)| |_)| | | | | || (_| |  ) ) ) )
  '  |____| .__|_| |_|_| |_\__, | / / / /
 =========|_|==============|___/=/_/_/_/
 :: Spring Boot ::                (v2.6.1)

2022-11-22 09:36:50.175  INFO 1160 --- [    Test worker] c.m.MercadoLivroApplicationTests         : Starting MercadoLivroApplicationTests using Java 17.0.5 on DESKTOP-OK7I97R with PID 1160 (started by bruno in C:\Users\bruno\Projetos\Mercado-Livro)
2022-11-22 09:36:50.177  INFO 1160 --- [    Test worker] c.m.MercadoLivroApplicationTests         : No active profile set, falling back to default profiles: default
2022-11-22 09:36:51.409  INFO 1160 --- [    Test worker] .s.d.r.c.RepositoryConfigurationDelegate : Bootstrapping Spring Data JPA repositories in DEFAULT mode.
2022-11-22 09:36:51.523  INFO 1160 --- [    Test worker] .s.d.r.c.RepositoryConfigurationDelegate : Finished Spring Data repository scanning in 99 ms. Found 2 JPA repository interfaces.
2022-11-22 09:36:52.459  INFO 1160 --- [    Test worker] o.f.c.internal.license.VersionPrinter    : Flyway Community Edition 7.7.0 by Redgate
2022-11-22 09:36:52.472  INFO 1160 --- [    Test worker] com.zaxxer.hikari.HikariDataSource       : HikariPool-1 - Starting...
2022-11-22 09:36:53.529  INFO 1160 --- [    Test worker] com.zaxxer.hikari.HikariDataSource       : HikariPool-1 - Start completed.
2022-11-22 09:36:53.641  INFO 1160 --- [    Test worker] o.f.c.i.database.base.DatabaseType       : Database: jdbc:mysql://localhost:3306/mercadolivro (MySQL 8.0)
2022-11-22 09:36:54.330  INFO 1160 --- [    Test worker] o.f.core.internal.command.DbValidate     : Successfully validated 2 migrations (execution time 00:00.110s)
2022-11-22 09:36:54.611  INFO 1160 --- [    Test worker] o.f.c.i.s.JdbcTableSchemaHistory         : Creating Schema History table `mercadolivro`.`flyway_schema_history` ...
2022-11-22 09:36:58.505  INFO 1160 --- [    Test worker] o.f.core.internal.command.DbMigrate      : Current version of schema `mercadolivro`: << Empty Schema >>
2022-11-22 09:36:58.524  INFO 1160 --- [    Test worker] o.f.core.internal.command.DbMigrate      : Migrating schema `mercadolivro` to version "1 - create table customer"
2022-11-22 09:36:59.076  INFO 1160 --- [    Test worker] o.f.core.internal.command.DbMigrate      : Migrating schema `mercadolivro` to version "2 - create table book"
2022-11-22 09:36:59.463  INFO 1160 --- [    Test worker] o.f.core.internal.command.DbMigrate      : Successfully applied 2 migrations to schema `mercadolivro` (execution time 00:01.035s)
2022-11-22 09:36:59.881  INFO 1160 --- [    Test worker] o.hibernate.jpa.internal.util.LogHelper  : HHH000204: Processing PersistenceUnitInfo [name: default]
2022-11-22 09:37:00.021  INFO 1160 --- [    Test worker] org.hibernate.Version                    : HHH000412: Hibernate ORM core version 5.6.1.Final
2022-11-22 09:37:00.409  INFO 1160 --- [    Test worker] o.hibernate.annotations.common.Version   : HCANN000001: Hibernate Commons Annotations {5.1.2.Final}
2022-11-22 09:37:00.687  INFO 1160 --- [    Test worker] org.hibernate.dialect.Dialect            : HHH000400: Using dialect: org.hibernate.dialect.MySQL8Dialect
2022-11-22 09:37:01.707  INFO 1160 --- [    Test worker] o.h.e.t.j.p.i.JtaPlatformInitiator       : HHH000490: Using JtaPlatform implementation: [org.hibernate.engine.transaction.jta.platform.internal.NoJtaPlatform]
2022-11-22 09:37:01.732  INFO 1160 --- [    Test worker] j.LocalContainerEntityManagerFactoryBean : Initialized JPA EntityManagerFactory for persistence unit 'default'
2022-11-22 09:37:03.682  WARN 1160 --- [    Test worker] JpaBaseConfiguration$JpaWebConfiguration : spring.jpa.open-in-view is enabled by default. Therefore, database queries may be performed during view rendering. Explicitly configure spring.jpa.open-in-view to disable this warning
2022-11-22 09:37:05.585  INFO 1160 --- [    Test worker] c.m.MercadoLivroApplicationTests         : Started MercadoLivroApplicationTests in 16.091 seconds (JVM running for 20.58)
]]></system-out>
  <system-err><![CDATA[]]></system-err>
</testsuite>
